tests/cpp-tests/proj.android-studio/app/build/outputs/logs/manifest-merger-debug-report.txt
-- Merging decision tree log ---
manifest
ADDED from proj.android-studio/app/AndroidManifest.xml:2:1-36:12
	package
		ADDED from proj.android-studio/app/AndroidManifest.xml:3:5-37
		INJECTED from proj.android-studio/app/AndroidManifest.xml
		INJECTED from proj.android-studio/app/AndroidManifest.xml
	android:versionName
		INJECTED from proj.android-studio/app/AndroidManifest.xml
		INJECTED from proj.android-studio/app/AndroidManifest.xml
	xmlns:android
		ADDED from proj.android-studio/app/AndroidManifest.xml:2:11-69
	android:versionCode
		INJECTED from proj.android-studio/app/AndroidManifest.xml
		INJECTED from proj.android-studio/app/AndroidManifest.xml
	android:installLocation
		ADDED from proj.android-studio/app/AndroidManifest.xml:4:5-35
uses-feature#0x00020000
ADDED from proj.android-studio/app/AndroidManifest.xml:6:5-54
	android:glEsVersion
		ADDED from proj.android-studio/app/AndroidManifest.xml:6:19-51
uses-permission#android.permission.INTERNET
ADDED from proj.android-studio/app/AndroidManifest.xml:7:5-66
	android:name
		ADDED from proj.android-studio/app/AndroidManifest.xml:7:22-64
uses-permission#android.permission.VIBRATE
ADDED from proj.android-studio/app/AndroidManifest.xml:8:5-65
	android:name
		ADDED from proj.android-studio/app/AndroidManifest.xml:8:22-63
uses-permission#android.permission.ACCESS_NETWORK_STATE
ADDED from proj.android-studio/app/AndroidManifest.xml:9:5-79
	android:name
		ADDED from proj.android-studio/app/AndroidManifest.xml:9:22-76
uses-permission#com.android.vending.BILLING
ADDED from proj.android-studio/app/AndroidManifest.xml:10:5-66
	android:name
		ADDED from proj.android-studio/app/AndroidManifest.xml:10:22-64
application
ADDED from proj.android-studio/app/AndroidManifest.xml:13:5-34:19
MERGED from [proj.android-studio:libcocos2dx:unspecified] AndroidManifest.xml:11:5-12:19
	android:label
		ADDED from proj.android-studio/app/AndroidManifest.xml:14:9-41
	android:allowBackup
		ADDED from proj.android-studio/app/AndroidManifest.xml:15:9-35
	android:icon
		ADDED from proj.android-studio/app/AndroidManifest.xml:16:9-43
meta-data#android.app.lib_name
ADDED from proj.android-studio/app/AndroidManifest.xml:19:3-20:36
	android:value
		ADDED from proj.android-studio/app/AndroidManifest.xml:20:8-33
	android:name
		ADDED from proj.android-studio/app/AndroidManifest.xml:19:14-49
activity#org.cocos2dx.cpp_tests.AppActivity
ADDED from proj.android-studio/app/AndroidManifest.xml:22:9-33:20
	android:screenOrientation
		ADDED from proj.android-studio/app/AndroidManifest.xml:24:13-50
	android:label
		ADDED from proj.android-studio/app/AndroidManifest.xml:26:13-45
	android:configChanges
		ADDED from proj.android-studio/app/AndroidManifest.xml:25:13-74
	android:theme
		ADDED from proj.android-studio/app/AndroidManifest.xml:27:13-71
	android:name
		ADDED from proj.android-studio/app/AndroidManifest.xml:23:13-40
intent-filter#android.intent.action.MAIN+android.intent.category.LAUNCHER
ADDED from proj.android-studio/app/AndroidManifest.xml:28:13-32:29
action#android.intent.action.MAIN
ADDED from proj.android-studio/app/AndroidManifest.xml:29:17-69
	android:name
		ADDED from proj.android-studio/app/AndroidManifest.xml:29:25-66
category#android.intent.category.LAUNCHER
ADDED from proj.android-studio/app/AndroidManifest.xml:31:17-77
	android:name
		ADDED from proj.android-studio/app/AndroidManifest.xml:31:27-74
uses-sdk
INJECTED from proj.android-studio/app/AndroidManifest.xml reason: use-sdk injection requested
MERGED from [proj.android-studio:libcocos2dx:unspecified] AndroidManifest.xml:7:5-9:41
	android:targetSdkVersion
		INJECTED from proj.android-studio/app/AndroidManifest.xml
		INJECTED from proj.android-studio/app/AndroidManifest.xml
	android:minSdkVersion
		INJECTED from proj.android-studio/app/AndroidManifest.xml
		INJECTED from proj.android-studio/app/AndroidManifest.xml